{"level":"info","message":"Server running on port 5000","timestamp":"2025-05-29T17:48:52.443Z"}
{"level":"info","message":"Connected to database successfully","timestamp":"2025-05-29T17:48:52.560Z"}
{"level":"info","message":"Server running on port 5000","timestamp":"2025-05-29T17:50:51.905Z"}
{"level":"info","message":"Connected to database successfully","timestamp":"2025-05-29T17:50:51.983Z"}
{"level":"warn","message":"No token provided","timestamp":"2025-05-29T17:51:29.493Z","url":"/me"}
{"level":"warn","message":"No token provided","timestamp":"2025-05-29T17:51:29.653Z","url":"/me"}
{"level":"info","message":"Server running on port 5000","timestamp":"2025-05-29T17:56:38.364Z"}
{"level":"info","message":"Connected to database successfully","timestamp":"2025-05-29T17:56:38.436Z"}
{"level":"info","message":"Server running on port 5000","timestamp":"2025-05-29T17:58:35.484Z"}
{"level":"info","message":"Connected to database successfully","timestamp":"2025-05-29T17:58:35.560Z"}
{"level":"info","message":"Server running on port 5000","timestamp":"2025-05-29T18:01:56.131Z"}
{"level":"info","message":"Connected to database successfully","timestamp":"2025-05-29T18:01:56.230Z"}
{"level":"info","message":"Server running on port 5000","timestamp":"2025-05-29T18:04:17.743Z"}
{"level":"info","message":"Connected to database successfully","timestamp":"2025-05-29T18:04:17.799Z"}
{"level":"info","message":"Server running on port 5000","timestamp":"2025-05-29T18:06:01.486Z"}
{"level":"info","message":"Connected to database successfully","timestamp":"2025-05-29T18:06:01.543Z"}
{"level":"info","message":"Server running on port 5000","timestamp":"2025-05-29T18:25:40.465Z"}
{"level":"info","message":"Connected to database successfully","timestamp":"2025-05-29T18:25:40.547Z"}
{"level":"warn","message":"No token provided","timestamp":"2025-05-29T18:30:38.099Z","url":"/me"}
{"level":"warn","message":"No token provided","timestamp":"2025-05-29T18:30:38.273Z","url":"/me"}
{"level":"warn","message":"Invalid password","timestamp":"2025-05-29T18:30:56.594Z","userId":"7547d9e0-d453-4b26-81e8-358a227a9c01"}
{"error":"Invalid username or password","level":"error","message":"Login failed","timestamp":"2025-05-29T18:30:56.594Z","usernameOrEmail":"prajapativraj147@gmail.com"}
{"level":"error","message":"Request error Invalid username or password","method":"POST","stack":"Error: Invalid username or password\n    at loginUser (file:///C:/Users/vraj/Desktop/Bacancy/Final%20Project/SocioFeed-Backend/src/services/authService.js:97:25)\n    at async login (file:///C:/Users/vraj/Desktop/Bacancy/Final%20Project/SocioFeed-Backend/src/controllers/authController.js:36:43)","status":401,"timestamp":"2025-05-29T18:30:56.595Z","url":"/auth/login","userId":"unauthenticated"}
{"level":"warn","message":"Invalid password","timestamp":"2025-05-29T18:31:24.040Z","userId":"7547d9e0-d453-4b26-81e8-358a227a9c01"}
{"error":"Invalid username or password","level":"error","message":"Login failed","timestamp":"2025-05-29T18:31:24.041Z","usernameOrEmail":"prajapativraj147@gmail.com"}
{"level":"error","message":"Request error Invalid username or password","method":"POST","stack":"Error: Invalid username or password\n    at loginUser (file:///C:/Users/vraj/Desktop/Bacancy/Final%20Project/SocioFeed-Backend/src/services/authService.js:97:25)\n    at async login (file:///C:/Users/vraj/Desktop/Bacancy/Final%20Project/SocioFeed-Backend/src/controllers/authController.js:36:43)","status":401,"timestamp":"2025-05-29T18:31:24.042Z","url":"/auth/login","userId":"unauthenticated"}
{"level":"warn","message":"Invalid password","timestamp":"2025-05-29T18:31:32.410Z","userId":"7547d9e0-d453-4b26-81e8-358a227a9c01"}
{"error":"Invalid username or password","level":"error","message":"Login failed","timestamp":"2025-05-29T18:31:32.410Z","usernameOrEmail":"prajapativraj147@gmail.com"}
{"level":"error","message":"Request error Invalid username or password","method":"POST","stack":"Error: Invalid username or password\n    at loginUser (file:///C:/Users/vraj/Desktop/Bacancy/Final%20Project/SocioFeed-Backend/src/services/authService.js:97:25)\n    at async login (file:///C:/Users/vraj/Desktop/Bacancy/Final%20Project/SocioFeed-Backend/src/controllers/authController.js:36:43)","status":401,"timestamp":"2025-05-29T18:31:32.411Z","url":"/auth/login","userId":"unauthenticated"}
{"level":"warn","message":"No token provided","timestamp":"2025-05-29T18:31:41.216Z","url":"/me"}
{"level":"warn","message":"No token provided","timestamp":"2025-05-29T18:31:41.392Z","url":"/me"}
{"level":"info","message":"Email sent","subject":"Reset Your SocioFeed Password","timestamp":"2025-05-29T18:32:02.342Z","to":"prajapativraj147@gmail.com","userId":"7547d9e0-d453-4b26-81e8-358a227a9c01"}
{"email":"prajapativraj147@gmail.com","level":"info","message":"Password reset email sent","timestamp":"2025-05-29T18:32:02.343Z","userId":"7547d9e0-d453-4b26-81e8-358a227a9c01"}
{"email":"prajapativraj147@gmail.com","level":"info","message":"Password reset requested","timestamp":"2025-05-29T18:32:02.343Z"}
{"level":"warn","message":"No token provided","timestamp":"2025-05-29T18:32:20.047Z","url":"/me"}
{"level":"warn","message":"No token provided","timestamp":"2025-05-29T18:32:20.051Z","url":"/me"}
{"level":"info","message":"Password reset successful","timestamp":"2025-05-29T18:32:35.323Z","userId":"7547d9e0-d453-4b26-81e8-358a227a9c01"}
{"level":"info","message":"Password reset attempted","timestamp":"2025-05-29T18:32:35.324Z"}
{"level":"warn","message":"No token provided","timestamp":"2025-05-29T18:32:48.999Z","url":"/me"}
{"level":"warn","message":"No token provided","timestamp":"2025-05-29T18:32:49.187Z","url":"/me"}
{"level":"info","message":"Refresh token generated","timestamp":"2025-05-29T18:32:57.473Z","userId":"7547d9e0-d453-4b26-81e8-358a227a9c01"}
{"level":"info","message":"User logged in","timestamp":"2025-05-29T18:32:57.474Z","userId":"7547d9e0-d453-4b26-81e8-358a227a9c01"}
{"level":"info","message":"User logged in","timestamp":"2025-05-29T18:32:57.474Z","userId":"7547d9e0-d453-4b26-81e8-358a227a9c01"}
{"level":"info","message":"Server running on port 5000","timestamp":"2025-05-29T18:35:12.346Z"}
{"level":"info","message":"Connected to database successfully","timestamp":"2025-05-29T18:35:12.526Z"}
{"email":"21cs052@charusat.edu.in","level":"warn","message":"Account already active","timestamp":"2025-05-29T18:35:15.730Z"}
{"email":"21cs052@charusat.edu.in","error":"Account already active","level":"error","message":"Activation resend failed","timestamp":"2025-05-29T18:35:15.731Z"}
{"level":"error","message":"Request error Account already active","method":"POST","stack":"Error: Account already active\n    at resendActivation (file:///C:/Users/vraj/Desktop/Bacancy/Final%20Project/SocioFeed-Backend/src/services/authService.js:151:25)\n    at async resend (file:///C:/Users/vraj/Desktop/Bacancy/Final%20Project/SocioFeed-Backend/src/controllers/authController.js:159:20)","status":400,"timestamp":"2025-05-29T18:35:15.732Z","url":"/auth/resend-activation","userId":"unauthenticated"}
{"level":"info","message":"Server running on port 5000","timestamp":"2025-05-29T18:38:22.019Z"}
{"level":"info","message":"Connected to database successfully","timestamp":"2025-05-29T18:38:22.188Z"}
{"level":"info","message":"Server running on port 5000","timestamp":"2025-05-29T18:41:49.288Z"}
{"level":"info","message":"Connected to database successfully","timestamp":"2025-05-29T18:41:49.348Z"}
{"level":"info","message":"Server running on port 5000","timestamp":"2025-05-29T18:42:29.180Z"}
{"level":"info","message":"Connected to database successfully","timestamp":"2025-05-29T18:42:29.340Z"}
{"level":"info","message":"Server running on port 5000","timestamp":"2025-05-29T18:42:56.292Z"}
{"level":"info","message":"Connected to database successfully","timestamp":"2025-05-29T18:42:56.355Z"}
{"level":"info","message":"Server running on port 5000","timestamp":"2025-05-29T18:43:45.874Z"}
{"level":"info","message":"Connected to database successfully","timestamp":"2025-05-29T18:43:45.934Z"}
{"level":"info","message":"Server running on port 5000","timestamp":"2025-05-29T18:46:45.375Z"}
{"level":"info","message":"Connected to database successfully","timestamp":"2025-05-29T18:46:45.431Z"}
{"level":"error","message":"Request error Cannot read properties of undefined (reading 'jwt')","method":"GET","stack":"TypeError: Cannot read properties of undefined (reading 'jwt')\n    at authMiddleware (file:///C:/Users/vraj/Desktop/Bacancy/Final%20Project/SocioFeed-Backend/src/middleware/authMiddleware.js:6:29)\n    at Layer.handleRequest (C:\\Users\\vraj\\Desktop\\Bacancy\\Final Project\\SocioFeed-Backend\\node_modules\\router\\lib\\layer.js:152:17)\n    at next (C:\\Users\\vraj\\Desktop\\Bacancy\\Final Project\\SocioFeed-Backend\\node_modules\\router\\lib\\route.js:157:13)\n    at Route.dispatch (C:\\Users\\vraj\\Desktop\\Bacancy\\Final Project\\SocioFeed-Backend\\node_modules\\router\\lib\\route.js:117:3)\n    at handle (C:\\Users\\vraj\\Desktop\\Bacancy\\Final Project\\SocioFeed-Backend\\node_modules\\router\\index.js:435:11)\n    at Layer.handleRequest (C:\\Users\\vraj\\Desktop\\Bacancy\\Final Project\\SocioFeed-Backend\\node_modules\\router\\lib\\layer.js:152:17)\n    at C:\\Users\\vraj\\Desktop\\Bacancy\\Final Project\\SocioFeed-Backend\\node_modules\\router\\index.js:295:15\n    at param (C:\\Users\\vraj\\Desktop\\Bacancy\\Final Project\\SocioFeed-Backend\\node_modules\\router\\index.js:600:14)\n    at param (C:\\Users\\vraj\\Desktop\\Bacancy\\Final Project\\SocioFeed-Backend\\node_modules\\router\\index.js:610:14)\n    at processParams (C:\\Users\\vraj\\Desktop\\Bacancy\\Final Project\\SocioFeed-Backend\\node_modules\\router\\index.js:664:3)","status":500,"timestamp":"2025-05-29T18:47:17.714Z","url":"/api/profile/vraj","userId":"unauthenticated"}
{"level":"info","message":"Server running on port 5000","timestamp":"2025-05-29T18:48:01.466Z"}
{"level":"info","message":"Connected to database successfully","timestamp":"2025-05-29T18:48:01.640Z"}
{"error":"Cannot read properties of undefined (reading 'id')","level":"error","message":"Get profile failed","timestamp":"2025-05-29T18:48:04.532Z","username":"vraj"}
{"level":"error","message":"Request error Cannot read properties of undefined (reading 'id')","method":"GET","stack":"TypeError: Cannot read properties of undefined (reading 'id')\n    at getProfile (file:///C:/Users/vraj/Desktop/Bacancy/Final%20Project/SocioFeed-Backend/src/controllers/profileController.js:19:67)\n    at Layer.handleRequest (C:\\Users\\vraj\\Desktop\\Bacancy\\Final Project\\SocioFeed-Backend\\node_modules\\router\\lib\\layer.js:152:17)\n    at next (C:\\Users\\vraj\\Desktop\\Bacancy\\Final Project\\SocioFeed-Backend\\node_modules\\router\\lib\\route.js:157:13)\n    at Route.dispatch (C:\\Users\\vraj\\Desktop\\Bacancy\\Final Project\\SocioFeed-Backend\\node_modules\\router\\lib\\route.js:117:3)\n    at handle (C:\\Users\\vraj\\Desktop\\Bacancy\\Final Project\\SocioFeed-Backend\\node_modules\\router\\index.js:435:11)\n    at Layer.handleRequest (C:\\Users\\vraj\\Desktop\\Bacancy\\Final Project\\SocioFeed-Backend\\node_modules\\router\\lib\\layer.js:152:17)\n    at C:\\Users\\vraj\\Desktop\\Bacancy\\Final Project\\SocioFeed-Backend\\node_modules\\router\\index.js:295:15\n    at param (C:\\Users\\vraj\\Desktop\\Bacancy\\Final Project\\SocioFeed-Backend\\node_modules\\router\\index.js:600:14)\n    at param (C:\\Users\\vraj\\Desktop\\Bacancy\\Final Project\\SocioFeed-Backend\\node_modules\\router\\index.js:610:14)\n    at processParams (C:\\Users\\vraj\\Desktop\\Bacancy\\Final Project\\SocioFeed-Backend\\node_modules\\router\\index.js:664:3)","status":500,"timestamp":"2025-05-29T18:48:04.534Z","url":"/api/profile/vraj","userId":"unauthenticated"}
{"level":"info","message":"Server running on port 5000","timestamp":"2025-05-29T18:48:17.691Z"}
{"level":"info","message":"Connected to database successfully","timestamp":"2025-05-29T18:48:17.861Z"}
{"level":"error","message":"Request error Cannot read properties of undefined (reading 'jwt')","method":"GET","stack":"TypeError: Cannot read properties of undefined (reading 'jwt')\n    at authMiddleware (file:///C:/Users/vraj/Desktop/Bacancy/Final%20Project/SocioFeed-Backend/src/middleware/authMiddleware.js:6:29)\n    at Layer.handleRequest (C:\\Users\\vraj\\Desktop\\Bacancy\\Final Project\\SocioFeed-Backend\\node_modules\\router\\lib\\layer.js:152:17)\n    at next (C:\\Users\\vraj\\Desktop\\Bacancy\\Final Project\\SocioFeed-Backend\\node_modules\\router\\lib\\route.js:157:13)\n    at Route.dispatch (C:\\Users\\vraj\\Desktop\\Bacancy\\Final Project\\SocioFeed-Backend\\node_modules\\router\\lib\\route.js:117:3)\n    at handle (C:\\Users\\vraj\\Desktop\\Bacancy\\Final Project\\SocioFeed-Backend\\node_modules\\router\\index.js:435:11)\n    at Layer.handleRequest (C:\\Users\\vraj\\Desktop\\Bacancy\\Final Project\\SocioFeed-Backend\\node_modules\\router\\lib\\layer.js:152:17)\n    at C:\\Users\\vraj\\Desktop\\Bacancy\\Final Project\\SocioFeed-Backend\\node_modules\\router\\index.js:295:15\n    at param (C:\\Users\\vraj\\Desktop\\Bacancy\\Final Project\\SocioFeed-Backend\\node_modules\\router\\index.js:600:14)\n    at param (C:\\Users\\vraj\\Desktop\\Bacancy\\Final Project\\SocioFeed-Backend\\node_modules\\router\\index.js:610:14)\n    at processParams (C:\\Users\\vraj\\Desktop\\Bacancy\\Final Project\\SocioFeed-Backend\\node_modules\\router\\index.js:664:3)","status":500,"timestamp":"2025-05-29T18:50:08.805Z","url":"/api/profile/vraj","userId":"unauthenticated"}
{"level":"info","message":"Server running on port 5000","timestamp":"2025-05-29T18:53:06.133Z"}
{"level":"info","message":"Connected to database successfully","timestamp":"2025-05-29T18:53:06.217Z"}
{"error":"invalid token","level":"error","message":"JWT verification failed","timestamp":"2025-05-29T18:53:24.641Z"}
{"level":"error","message":"JWT verification failed: Invalid JWT token","timestamp":"2025-05-29T18:53:24.642Z","url":"/vraj"}
{"level":"info","message":"Server running on port 5000","timestamp":"2025-05-29T18:54:53.644Z"}
{"level":"info","message":"Connected to database successfully","timestamp":"2025-05-29T18:54:53.709Z"}
{"error":"Cannot read properties of undefined (reading 'id')","level":"error","message":"Get profile failed","timestamp":"2025-05-29T18:54:56.093Z","username":"vraj"}
{"level":"error","message":"Request error Cannot read properties of undefined (reading 'id')","method":"GET","stack":"TypeError: Cannot read properties of undefined (reading 'id')\n    at getProfile (file:///C:/Users/vraj/Desktop/Bacancy/Final%20Project/SocioFeed-Backend/src/controllers/profileController.js:19:67)\n    at Layer.handleRequest (C:\\Users\\vraj\\Desktop\\Bacancy\\Final Project\\SocioFeed-Backend\\node_modules\\router\\lib\\layer.js:152:17)\n    at next (C:\\Users\\vraj\\Desktop\\Bacancy\\Final Project\\SocioFeed-Backend\\node_modules\\router\\lib\\route.js:157:13)\n    at Route.dispatch (C:\\Users\\vraj\\Desktop\\Bacancy\\Final Project\\SocioFeed-Backend\\node_modules\\router\\lib\\route.js:117:3)\n    at handle (C:\\Users\\vraj\\Desktop\\Bacancy\\Final Project\\SocioFeed-Backend\\node_modules\\router\\index.js:435:11)\n    at Layer.handleRequest (C:\\Users\\vraj\\Desktop\\Bacancy\\Final Project\\SocioFeed-Backend\\node_modules\\router\\lib\\layer.js:152:17)\n    at C:\\Users\\vraj\\Desktop\\Bacancy\\Final Project\\SocioFeed-Backend\\node_modules\\router\\index.js:295:15\n    at param (C:\\Users\\vraj\\Desktop\\Bacancy\\Final Project\\SocioFeed-Backend\\node_modules\\router\\index.js:600:14)\n    at param (C:\\Users\\vraj\\Desktop\\Bacancy\\Final Project\\SocioFeed-Backend\\node_modules\\router\\index.js:610:14)\n    at processParams (C:\\Users\\vraj\\Desktop\\Bacancy\\Final Project\\SocioFeed-Backend\\node_modules\\router\\index.js:664:3)","status":500,"timestamp":"2025-05-29T18:54:56.095Z","url":"/api/profile/vraj","userId":"unauthenticated"}
{"level":"info","message":"Server running on port 5000","timestamp":"2025-05-29T18:56:16.158Z"}
{"level":"info","message":"Connected to database successfully","timestamp":"2025-05-29T18:56:16.250Z"}
{"level":"info","message":"Refresh token generated","timestamp":"2025-05-29T18:57:11.936Z","userId":"7547d9e0-d453-4b26-81e8-358a227a9c01"}
{"level":"info","message":"User logged in","timestamp":"2025-05-29T18:57:11.936Z","userId":"7547d9e0-d453-4b26-81e8-358a227a9c01"}
{"level":"info","message":"User logged in","timestamp":"2025-05-29T18:57:11.937Z","userId":"7547d9e0-d453-4b26-81e8-358a227a9c01"}
{"level":"warn","message":"No token provided","timestamp":"2025-05-30T04:25:27.199Z","url":"/edit"}
{"level":"info","message":"Refresh token generated","timestamp":"2025-05-30T04:25:48.284Z","userId":"7547d9e0-d453-4b26-81e8-358a227a9c01"}
{"level":"info","message":"User logged in","timestamp":"2025-05-30T04:25:48.285Z","userId":"7547d9e0-d453-4b26-81e8-358a227a9c01"}
{"level":"info","message":"User logged in","timestamp":"2025-05-30T04:25:48.286Z","userId":"7547d9e0-d453-4b26-81e8-358a227a9c01"}
{"error":"prisma is not defined","level":"error","message":"Edit profile failed","timestamp":"2025-05-30T04:25:55.799Z","userId":"7547d9e0-d453-4b26-81e8-358a227a9c01"}
{"level":"error","message":"Request error prisma is not defined","method":"PUT","stack":"ReferenceError: prisma is not defined\n    at editProfile (file:///C:/Users/vraj/Desktop/Bacancy/Final%20Project/SocioFeed-Backend/src/controllers/profileController.js:34:25)\n    at Layer.handleRequest (C:\\Users\\vraj\\Desktop\\Bacancy\\Final Project\\SocioFeed-Backend\\node_modules\\router\\lib\\layer.js:152:17)\n    at next (C:\\Users\\vraj\\Desktop\\Bacancy\\Final Project\\SocioFeed-Backend\\node_modules\\router\\lib\\route.js:157:13)\n    at file:///C:/Users/vraj/Desktop/Bacancy/Final%20Project/SocioFeed-Backend/src/middleware/validateMiddleware.js:7:5\n    at process.processTicksAndRejections (node:internal/process/task_queues:105:5)","status":500,"timestamp":"2025-05-30T04:25:55.803Z","url":"/api/profile/edit","userId":"7547d9e0-d453-4b26-81e8-358a227a9c01"}
{"level":"info","message":"Server running on port 5000","timestamp":"2025-05-30T04:26:28.375Z"}
{"level":"info","message":"Connected to database successfully","timestamp":"2025-05-30T04:26:28.462Z"}
{"level":"info","message":"Profile updated","timestamp":"2025-05-30T04:26:32.219Z","userId":"7547d9e0-d453-4b26-81e8-358a227a9c01"}
{"level":"warn","message":"No token provided","timestamp":"2025-05-30T04:28:28.812Z","url":"/me"}
{"level":"warn","message":"No token provided","timestamp":"2025-05-30T04:28:28.975Z","url":"/me"}
{"followerId":"7547d9e0-d453-4b26-81e8-358a227a9c01","followingId":"18bfd247-e228-4900-97c6-49d869bb52e6","level":"info","message":"User followed","timestamp":"2025-05-30T04:28:59.400Z"}
{"followerId":"7547d9e0-d453-4b26-81e8-358a227a9c01","followingId":"18bfd247-e228-4900-97c6-49d869bb52e6","level":"info","message":"User unfollowed","timestamp":"2025-05-30T04:29:29.553Z"}
{"followerId":"7547d9e0-d453-4b26-81e8-358a227a9c01","followingId":"18bfd247-e228-4900-97c6-49d869bb52e6","level":"info","message":"User followed","timestamp":"2025-05-30T04:29:52.536Z"}
{"level":"warn","message":"Profile not found","timestamp":"2025-05-30T04:30:41.918Z","username":"search"}
{"error":"Profile not found","level":"error","message":"Failed to fetch profile","timestamp":"2025-05-30T04:30:41.920Z","username":"search"}
{"error":"Profile not found","level":"error","message":"Get profile failed","timestamp":"2025-05-30T04:30:41.921Z","username":"search"}
{"level":"error","message":"Request error Profile not found","method":"GET","stack":"Error: Profile not found\n    at getProfileByUsername (file:///C:/Users/vraj/Desktop/Bacancy/Final%20Project/SocioFeed-Backend/src/services/profileService.js:39:27)\n    at async getProfile (file:///C:/Users/vraj/Desktop/Bacancy/Final%20Project/SocioFeed-Backend/src/controllers/profileController.js:18:21)","status":404,"timestamp":"2025-05-30T04:30:41.924Z","url":"/api/profile/search?query=Aditya","userId":"7547d9e0-d453-4b26-81e8-358a227a9c01"}
{"level":"warn","message":"Profile not found","timestamp":"2025-05-30T04:30:57.233Z","username":"search"}
{"error":"Profile not found","level":"error","message":"Failed to fetch profile","timestamp":"2025-05-30T04:30:57.234Z","username":"search"}
{"error":"Profile not found","level":"error","message":"Get profile failed","timestamp":"2025-05-30T04:30:57.234Z","username":"search"}
{"level":"error","message":"Request error Profile not found","method":"GET","stack":"Error: Profile not found\n    at getProfileByUsername (file:///C:/Users/vraj/Desktop/Bacancy/Final%20Project/SocioFeed-Backend/src/services/profileService.js:39:27)\n    at async getProfile (file:///C:/Users/vraj/Desktop/Bacancy/Final%20Project/SocioFeed-Backend/src/controllers/profileController.js:18:21)","status":404,"timestamp":"2025-05-30T04:30:57.235Z","url":"/api/profile/search?Aditya","userId":"7547d9e0-d453-4b26-81e8-358a227a9c01"}
{"level":"warn","message":"Profile not found","timestamp":"2025-05-30T04:31:01.198Z","username":"search"}
{"error":"Profile not found","level":"error","message":"Failed to fetch profile","timestamp":"2025-05-30T04:31:01.198Z","username":"search"}
{"error":"Profile not found","level":"error","message":"Get profile failed","timestamp":"2025-05-30T04:31:01.199Z","username":"search"}
{"level":"error","message":"Request error Profile not found","method":"GET","stack":"Error: Profile not found\n    at getProfileByUsername (file:///C:/Users/vraj/Desktop/Bacancy/Final%20Project/SocioFeed-Backend/src/services/profileService.js:39:27)\n    at async getProfile (file:///C:/Users/vraj/Desktop/Bacancy/Final%20Project/SocioFeed-Backend/src/controllers/profileController.js:18:21)","status":404,"timestamp":"2025-05-30T04:31:01.199Z","url":"/api/profile/search?=Aditya","userId":"7547d9e0-d453-4b26-81e8-358a227a9c01"}
{"level":"warn","message":"Profile not found","timestamp":"2025-05-30T04:31:06.838Z","username":"search"}
{"error":"Profile not found","level":"error","message":"Failed to fetch profile","timestamp":"2025-05-30T04:31:06.839Z","username":"search"}
{"error":"Profile not found","level":"error","message":"Get profile failed","timestamp":"2025-05-30T04:31:06.839Z","username":"search"}
{"level":"error","message":"Request error Profile not found","method":"GET","stack":"Error: Profile not found\n    at getProfileByUsername (file:///C:/Users/vraj/Desktop/Bacancy/Final%20Project/SocioFeed-Backend/src/services/profileService.js:39:27)\n    at async getProfile (file:///C:/Users/vraj/Desktop/Bacancy/Final%20Project/SocioFeed-Backend/src/controllers/profileController.js:18:21)","status":404,"timestamp":"2025-05-30T04:31:06.840Z","url":"/api/profile/search?query=Aditya","userId":"7547d9e0-d453-4b26-81e8-358a227a9c01"}
{"level":"warn","message":"Profile not found for followers","timestamp":"2025-05-30T04:31:59.232Z","username":":vraj"}
{"error":"Profile not found","level":"error","message":"Failed to fetch followers","timestamp":"2025-05-30T04:31:59.233Z","username":":vraj"}
{"error":"Profile not found","level":"error","message":"Get followers failed","timestamp":"2025-05-30T04:31:59.233Z","username":":vraj"}
{"level":"error","message":"Request error Profile not found","method":"GET","stack":"Error: Profile not found\n    at getFollowers (file:///C:/Users/vraj/Desktop/Bacancy/Final%20Project/SocioFeed-Backend/src/services/profileService.js:232:27)\n    at async getFollowersList (file:///C:/Users/vraj/Desktop/Bacancy/Final%20Project/SocioFeed-Backend/src/controllers/profileController.js:95:23)","status":404,"timestamp":"2025-05-30T04:31:59.235Z","url":"/api/profile/:vraj/followers","userId":"7547d9e0-d453-4b26-81e8-358a227a9c01"}
{"level":"info","message":"Server running on port 5000","timestamp":"2025-05-30T04:32:57.173Z"}
{"level":"info","message":"Connected to database successfully","timestamp":"2025-05-30T04:32:57.281Z"}
{"level":"warn","message":"Profile not found","timestamp":"2025-05-30T04:33:02.914Z","username":"search"}
{"error":"Profile not found","level":"error","message":"Failed to fetch profile","timestamp":"2025-05-30T04:33:02.915Z","username":"search"}
{"error":"Profile not found","level":"error","message":"Get profile failed","timestamp":"2025-05-30T04:33:02.916Z","username":"search"}
{"level":"error","message":"Request error Profile not found","method":"GET","stack":"Error: Profile not found\n    at getProfileByUsername (file:///C:/Users/vraj/Desktop/Bacancy/Final%20Project/SocioFeed-Backend/src/services/profileService.js:39:27)\n    at async getProfile (file:///C:/Users/vraj/Desktop/Bacancy/Final%20Project/SocioFeed-Backend/src/controllers/profileController.js:18:21)","status":404,"timestamp":"2025-05-30T04:33:02.918Z","url":"/api/profile/search?query=Aditya","userId":"7547d9e0-d453-4b26-81e8-358a227a9c01"}
{"level":"info","message":"Server running on port 5000","timestamp":"2025-05-30T04:33:09.141Z"}
{"level":"info","message":"Connected to database successfully","timestamp":"2025-05-30T04:33:09.210Z"}
{"level":"warn","message":"Profile not found for followers","timestamp":"2025-05-30T04:33:27.927Z","username":"vraj"}
{"error":"Profile not found","level":"error","message":"Failed to fetch followers","timestamp":"2025-05-30T04:33:27.928Z","username":"vraj"}
{"error":"Profile not found","level":"error","message":"Get followers failed","timestamp":"2025-05-30T04:33:27.929Z","username":"vraj"}
{"level":"error","message":"Request error Profile not found","method":"GET","stack":"Error: Profile not found\n    at getFollowers (file:///C:/Users/vraj/Desktop/Bacancy/Final%20Project/SocioFeed-Backend/src/services/profileService.js:232:27)\n    at async getFollowersList (file:///C:/Users/vraj/Desktop/Bacancy/Final%20Project/SocioFeed-Backend/src/controllers/profileController.js:95:23)","status":404,"timestamp":"2025-05-30T04:33:27.931Z","url":"/api/profile/vraj/followers","userId":"7547d9e0-d453-4b26-81e8-358a227a9c01"}
{"followerCount":1,"level":"info","message":"Fetched followers","timestamp":"2025-05-30T04:34:20.221Z","username":"vraj_updated"}
{"followerId":"7547d9e0-d453-4b26-81e8-358a227a9c01","followingId":"18bfd247-e228-4900-97c6-49d869bb52e6","level":"warn","message":"User already following","timestamp":"2025-05-30T04:34:47.388Z"}
{"error":"You are already following this user","followerId":"7547d9e0-d453-4b26-81e8-358a227a9c01","followingId":"18bfd247-e228-4900-97c6-49d869bb52e6","level":"error","message":"Failed to follow user","timestamp":"2025-05-30T04:34:47.389Z"}
{"error":"You are already following this user","followerId":"7547d9e0-d453-4b26-81e8-358a227a9c01","followingId":"18bfd247-e228-4900-97c6-49d869bb52e6","level":"error","message":"Follow failed","timestamp":"2025-05-30T04:34:47.390Z"}
{"level":"error","message":"Request error You are already following this user","method":"POST","stack":"Error: You are already following this user\n    at followUser (file:///C:/Users/vraj/Desktop/Bacancy/Final%20Project/SocioFeed-Backend/src/services/profileService.js:103:27)\n    at async follow (file:///C:/Users/vraj/Desktop/Bacancy/Final%20Project/SocioFeed-Backend/src/controllers/profileController.js:58:20)","status":400,"timestamp":"2025-05-30T04:34:47.392Z","url":"/api/profile/follow/18bfd247-e228-4900-97c6-49d869bb52e6","userId":"7547d9e0-d453-4b26-81e8-358a227a9c01"}
{"followingCount":0,"level":"info","message":"Fetched following","timestamp":"2025-05-30T04:36:02.420Z","username":"vraj_updated"}
{"followingCount":0,"level":"info","message":"Fetched following","timestamp":"2025-05-30T04:36:21.339Z","username":"vraj_updated"}
{"level":"warn","message":"Profile not found","timestamp":"2025-05-30T04:37:44.313Z","username":"search"}
{"error":"Profile not found","level":"error","message":"Failed to fetch profile","timestamp":"2025-05-30T04:37:44.313Z","username":"search"}
{"error":"Profile not found","level":"error","message":"Get profile failed","timestamp":"2025-05-30T04:37:44.314Z","username":"search"}
{"level":"error","message":"Request error Profile not found","method":"GET","stack":"Error: Profile not found\n    at getProfileByUsername (file:///C:/Users/vraj/Desktop/Bacancy/Final%20Project/SocioFeed-Backend/src/services/profileService.js:39:27)\n    at async getProfile (file:///C:/Users/vraj/Desktop/Bacancy/Final%20Project/SocioFeed-Backend/src/controllers/profileController.js:18:21)","status":404,"timestamp":"2025-05-30T04:37:44.315Z","url":"/api/profile/search?query=Aditya","userId":"7547d9e0-d453-4b26-81e8-358a227a9c01"}
{"level":"warn","message":"Profile not found","timestamp":"2025-05-30T04:38:10.846Z","username":"search"}
{"error":"Profile not found","level":"error","message":"Failed to fetch profile","timestamp":"2025-05-30T04:38:10.847Z","username":"search"}
{"error":"Profile not found","level":"error","message":"Get profile failed","timestamp":"2025-05-30T04:38:10.847Z","username":"search"}
{"level":"error","message":"Request error Profile not found","method":"GET","stack":"Error: Profile not found\n    at getProfileByUsername (file:///C:/Users/vraj/Desktop/Bacancy/Final%20Project/SocioFeed-Backend/src/services/profileService.js:39:27)\n    at async getProfile (file:///C:/Users/vraj/Desktop/Bacancy/Final%20Project/SocioFeed-Backend/src/controllers/profileController.js:18:21)","status":404,"timestamp":"2025-05-30T04:38:10.848Z","url":"/api/profile/search?query=21CS052","userId":"7547d9e0-d453-4b26-81e8-358a227a9c01"}
{"level":"warn","message":"Profile not found","timestamp":"2025-05-30T04:38:25.527Z","username":"search"}
{"error":"Profile not found","level":"error","message":"Failed to fetch profile","timestamp":"2025-05-30T04:38:25.527Z","username":"search"}
{"error":"Profile not found","level":"error","message":"Get profile failed","timestamp":"2025-05-30T04:38:25.528Z","username":"search"}
{"level":"error","message":"Request error Profile not found","method":"GET","stack":"Error: Profile not found\n    at getProfileByUsername (file:///C:/Users/vraj/Desktop/Bacancy/Final%20Project/SocioFeed-Backend/src/services/profileService.js:39:27)\n    at async getProfile (file:///C:/Users/vraj/Desktop/Bacancy/Final%20Project/SocioFeed-Backend/src/controllers/profileController.js:18:21)","status":404,"timestamp":"2025-05-30T04:38:25.528Z","url":"/api/profile/search?query=21CS052","userId":"7547d9e0-d453-4b26-81e8-358a227a9c01"}
{"followingCount":0,"level":"info","message":"Fetched following","timestamp":"2025-05-30T04:38:47.742Z","username":"vraj_updated"}
{"level":"info","message":"Server running on port 5000","timestamp":"2025-05-30T04:41:38.379Z"}
{"level":"info","message":"Connected to database successfully","timestamp":"2025-05-30T04:41:38.541Z"}
{"level":"info","message":"Server running on port 5000","timestamp":"2025-05-30T04:54:56.753Z"}
{"level":"info","message":"Connected to database successfully","timestamp":"2025-05-30T04:54:56.907Z"}
{"level":"warn","message":"Profile not found","timestamp":"2025-05-30T04:55:03.662Z","username":"search"}
{"error":"Profile not found","level":"error","message":"Failed to fetch profile","timestamp":"2025-05-30T04:55:03.663Z","username":"search"}
{"error":"Profile not found","level":"error","message":"Get profile failed","timestamp":"2025-05-30T04:55:03.665Z","username":"search"}
{"level":"error","message":"Request error Profile not found","method":"GET","stack":"Error: Profile not found\n    at getProfileByUsername (file:///C:/Users/vraj/Desktop/Bacancy/Final%20Project/SocioFeed-Backend/src/services/profileService.js:39:27)\n    at async getProfile (file:///C:/Users/vraj/Desktop/Bacancy/Final%20Project/SocioFeed-Backend/src/controllers/profileController.js:18:21)","status":404,"timestamp":"2025-05-30T04:55:03.666Z","url":"/api/profile/search?query=21CS052","userId":"7547d9e0-d453-4b26-81e8-358a227a9c01"}
{"level":"info","message":"Server running on port 5000","timestamp":"2025-05-30T04:55:46.800Z"}
{"level":"info","message":"Connected to database successfully","timestamp":"2025-05-30T04:55:46.895Z"}
{"followerCount":1,"level":"info","message":"Fetched followers","timestamp":"2025-05-30T04:55:54.296Z","username":"vraj_updated"}
{"followingCount":0,"level":"info","message":"Fetched following","timestamp":"2025-05-30T04:57:38.061Z","username":"vraj_updated"}
{"level":"info","message":"Server running on port 5000","timestamp":"2025-05-30T05:01:48.466Z"}
{"level":"info","message":"Connected to database successfully","timestamp":"2025-05-30T05:01:48.643Z"}
{"level":"warn","message":"Profile not found","timestamp":"2025-05-30T05:01:59.417Z","username":"search"}
{"error":"Profile not found","level":"error","message":"Failed to fetch profile","timestamp":"2025-05-30T05:01:59.418Z","username":"search"}
{"error":"Profile not found","level":"error","message":"Get profile failed","timestamp":"2025-05-30T05:01:59.419Z","username":"search"}
{"level":"error","message":"Request error Profile not found","method":"GET","stack":"Error: Profile not found\n    at getProfileByUsername (file:///C:/Users/vraj/Desktop/Bacancy/Final%20Project/SocioFeed-Backend/src/services/profileService.js:39:27)\n    at async getProfile (file:///C:/Users/vraj/Desktop/Bacancy/Final%20Project/SocioFeed-Backend/src/controllers/profileController.js:18:21)","status":404,"timestamp":"2025-05-30T05:01:59.421Z","url":"/api/profile/search?query=21CS052","userId":"7547d9e0-d453-4b26-81e8-358a227a9c01"}
{"level":"info","message":"Server running on port 5000","timestamp":"2025-05-30T05:03:55.105Z"}
{"level":"info","message":"Connected to database successfully","timestamp":"2025-05-30T05:03:55.186Z"}
{"level":"warn","message":"Profile not found","timestamp":"2025-05-30T05:04:01.846Z","username":"search"}
{"error":"Profile not found","level":"error","message":"Failed to fetch profile","timestamp":"2025-05-30T05:04:01.848Z","username":"search"}
{"error":"Profile not found","level":"error","message":"Get profile failed","timestamp":"2025-05-30T05:04:01.849Z","username":"search"}
{"level":"error","message":"Request error Profile not found","method":"GET","stack":"Error: Profile not found\n    at getProfileByUsername (file:///C:/Users/vraj/Desktop/Bacancy/Final%20Project/SocioFeed-Backend/src/services/profileService.js:39:27)\n    at async getProfile (file:///C:/Users/vraj/Desktop/Bacancy/Final%20Project/SocioFeed-Backend/src/controllers/profileController.js:18:21)","status":404,"timestamp":"2025-05-30T05:04:01.853Z","url":"/api/profile/search?query=21CS052","userId":"7547d9e0-d453-4b26-81e8-358a227a9c01"}
{"level":"info","message":"Server running on port 5000","timestamp":"2025-05-30T05:04:41.566Z"}
{"level":"info","message":"Connected to database successfully","timestamp":"2025-05-30T05:04:41.653Z"}
{"level":"warn","message":"Profile not found","timestamp":"2025-05-30T05:04:44.191Z","username":"search"}
{"error":"Profile not found","level":"error","message":"Failed to fetch profile","timestamp":"2025-05-30T05:04:44.192Z","username":"search"}
{"error":"Profile not found","level":"error","message":"Get profile failed","timestamp":"2025-05-30T05:04:44.192Z","username":"search"}
{"level":"error","message":"Request error Profile not found","method":"GET","stack":"Error: Profile not found\n    at getProfileByUsername (file:///C:/Users/vraj/Desktop/Bacancy/Final%20Project/SocioFeed-Backend/src/services/profileService.js:39:27)\n    at async getProfile (file:///C:/Users/vraj/Desktop/Bacancy/Final%20Project/SocioFeed-Backend/src/controllers/profileController.js:18:21)","status":404,"timestamp":"2025-05-30T05:04:44.194Z","url":"/api/profile/search?query=21CS052","userId":"7547d9e0-d453-4b26-81e8-358a227a9c01"}
{"level":"info","message":"Server running on port 5000","timestamp":"2025-05-30T05:06:19.365Z"}
{"level":"info","message":"Connected to database successfully","timestamp":"2025-05-30T05:06:19.441Z"}
{"level":"info","message":"Server running on port 5000","timestamp":"2025-05-30T05:06:42.632Z"}
{"level":"info","message":"Connected to database successfully","timestamp":"2025-05-30T05:06:42.718Z"}
{"details":["Search query is required"],"level":"error","message":"Validation error Invalid input provided","method":"GET","timestamp":"2025-05-30T05:06:44.998Z","url":"/search?query=21CS052"}
{"details":["Search query is required"],"level":"error","message":"Validation error Invalid input provided","method":"GET","timestamp":"2025-05-30T05:06:52.574Z","url":"/search?query=21CS052"}
{"level":"info","message":"Server running on port 5000","timestamp":"2025-05-30T05:08:42.704Z"}
{"level":"info","message":"Connected to database successfully","timestamp":"2025-05-30T05:08:42.821Z"}
{"details":["Search query is required"],"level":"error","message":"Validation error Invalid input provided","method":"GET","timestamp":"2025-05-30T05:08:46.111Z","url":"/search?query=21CS052"}
{"level":"info","message":"Server running on port 5000","timestamp":"2025-05-30T05:15:30.842Z"}
{"level":"info","message":"Connected to database successfully","timestamp":"2025-05-30T05:15:31.056Z"}
{"level":"info","message":"User search completed","query":"21CS052","resultCount":1,"timestamp":"2025-05-30T05:15:32.857Z"}
{"followerCount":0,"level":"info","message":"Fetched followers","timestamp":"2025-05-30T05:15:54.998Z","username":"vraj_updated"}
{"followingCount":0,"level":"info","message":"Fetched following","timestamp":"2025-05-30T05:15:59.181Z","username":"vraj_updated"}
{"level":"info","message":"Server running on port 5000","timestamp":"2025-05-30T05:25:24.673Z"}
{"level":"info","message":"Connected to database successfully","timestamp":"2025-05-30T05:25:24.871Z"}
{"followingCount":0,"level":"info","message":"Fetched following","timestamp":"2025-05-30T05:25:43.594Z","username":"vraj_updated"}
{"level":"warn","message":"No token provided","timestamp":"2025-05-30T05:26:34.568Z","url":"/vraj_updated/followers"}
{"level":"warn","message":"User not found","timestamp":"2025-05-30T05:26:50.368Z","usernameOrEmail":"vraj"}
{"error":"User not found","level":"error","message":"Login failed","timestamp":"2025-05-30T05:26:50.370Z","usernameOrEmail":"vraj"}
{"level":"error","message":"Request error User not found","method":"POST","stack":"Error: User not found\n    at loginUser (file:///C:/Users/vraj/Desktop/Bacancy/Final%20Project/SocioFeed-Backend/src/services/authService.js:81:25)\n    at async login (file:///C:/Users/vraj/Desktop/Bacancy/Final%20Project/SocioFeed-Backend/src/controllers/authController.js:36:43)","status":404,"timestamp":"2025-05-30T05:26:50.373Z","url":"/api/auth/login","userId":"unauthenticated"}
{"level":"info","message":"Refresh token generated","timestamp":"2025-05-30T05:27:10.398Z","userId":"7547d9e0-d453-4b26-81e8-358a227a9c01"}
{"level":"info","message":"User logged in","timestamp":"2025-05-30T05:27:10.399Z","userId":"7547d9e0-d453-4b26-81e8-358a227a9c01"}
{"level":"info","message":"User logged in","timestamp":"2025-05-30T05:27:10.399Z","userId":"7547d9e0-d453-4b26-81e8-358a227a9c01"}
{"followerCount":0,"level":"info","message":"Fetched followers","timestamp":"2025-05-30T05:27:15.897Z","username":"vraj_updated"}
{"followingCount":0,"level":"info","message":"Fetched following","timestamp":"2025-05-30T05:27:20.632Z","username":"vraj_updated"}
{"level":"info","message":"Server running on port 5000","timestamp":"2025-05-30T05:33:01.211Z"}
{"level":"info","message":"Connected to database successfully","timestamp":"2025-05-30T05:33:01.340Z"}
{"level":"info","message":"Server running on port 5000","timestamp":"2025-05-30T05:42:34.794Z"}
{"level":"info","message":"Connected to database successfully","timestamp":"2025-05-30T05:42:34.927Z"}
{"level":"warn","message":"Profile not found","timestamp":"2025-05-30T05:43:23.230Z","username":"vraj"}
{"error":"Profile not found","level":"error","message":"Failed to fetch profile","timestamp":"2025-05-30T05:43:23.231Z","username":"vraj"}
{"error":"Profile not found","level":"error","message":"Get profile failed","timestamp":"2025-05-30T05:43:23.232Z","username":"vraj"}
{"level":"error","message":"Request error Profile not found","method":"GET","stack":"Error: Profile not found\n    at getProfileByUsername (file:///C:/Users/vraj/Desktop/Bacancy/Final%20Project/SocioFeed-Backend/src/services/profileService.js:37:27)\n    at async getProfile (file:///C:/Users/vraj/Desktop/Bacancy/Final%20Project/SocioFeed-Backend/src/controllers/profileController.js:18:21)","status":404,"timestamp":"2025-05-30T05:43:23.234Z","url":"/api/profile/vraj","userId":"7547d9e0-d453-4b26-81e8-358a227a9c01"}
{"level":"info","message":"Server running on port 5000","timestamp":"2025-05-30T05:58:00.260Z"}
{"level":"info","message":"Connected to database successfully","timestamp":"2025-05-30T05:58:00.527Z"}
{"level":"info","message":"Server running on port 5000","timestamp":"2025-05-30T05:58:48.900Z"}
{"level":"info","message":"Connected to database successfully","timestamp":"2025-05-30T05:58:49.077Z"}
{"level":"info","message":"Server running on port 5000","timestamp":"2025-05-30T05:59:11.255Z"}
{"level":"info","message":"Connected to database successfully","timestamp":"2025-05-30T05:59:11.318Z"}
{"level":"warn","message":"Profile not found","timestamp":"2025-05-30T05:59:18.593Z","username":"vraj"}
{"error":"Profile not found","level":"error","message":"Failed to fetch profile","timestamp":"2025-05-30T05:59:18.594Z","username":"vraj"}
{"error":"Profile not found","level":"error","message":"Get profile failed","timestamp":"2025-05-30T05:59:18.595Z","userId":"7547d9e0-d453-4b26-81e8-358a227a9c01","username":"vraj"}
{"level":"error","message":"Request error Profile not found","method":"GET","stack":"Error: Profile not found\n    at getProfileByUsername (file:///C:/Users/vraj/Desktop/Bacancy/Final%20Project/SocioFeed-Backend/src/services/profileService.js:36:27)\n    at async getProfile (file:///C:/Users/vraj/Desktop/Bacancy/Final%20Project/SocioFeed-Backend/src/controllers/profileController.js:18:21)","status":404,"timestamp":"2025-05-30T05:59:18.597Z","url":"/api/profile/vraj","userId":"7547d9e0-d453-4b26-81e8-358a227a9c01"}
{"level":"info","message":"Refresh token generated","timestamp":"2025-05-30T06:00:00.629Z","userId":"7547d9e0-d453-4b26-81e8-358a227a9c01"}
{"level":"info","message":"User logged in","timestamp":"2025-05-30T06:00:00.630Z","userId":"7547d9e0-d453-4b26-81e8-358a227a9c01"}
{"level":"info","message":"User logged in","timestamp":"2025-05-30T06:00:00.631Z","userId":"7547d9e0-d453-4b26-81e8-358a227a9c01"}
{"level":"info","message":"User info updated","timestamp":"2025-05-30T06:01:14.397Z","userId":"7547d9e0-d453-4b26-81e8-358a227a9c01"}
{"level":"warn","message":"Profile not found","timestamp":"2025-05-30T06:02:13.155Z","username":"update-avatar"}
{"error":"Profile not found","level":"error","message":"Failed to fetch profile","timestamp":"2025-05-30T06:02:13.156Z","username":"update-avatar"}
{"error":"Profile not found","level":"error","message":"Get profile failed","timestamp":"2025-05-30T06:02:13.157Z","userId":"7547d9e0-d453-4b26-81e8-358a227a9c01","username":"update-avatar"}
{"level":"error","message":"Request error Profile not found","method":"GET","stack":"Error: Profile not found\n    at getProfileByUsername (file:///C:/Users/vraj/Desktop/Bacancy/Final%20Project/SocioFeed-Backend/src/services/profileService.js:36:27)\n    at async getProfile (file:///C:/Users/vraj/Desktop/Bacancy/Final%20Project/SocioFeed-Backend/src/controllers/profileController.js:18:21)","status":404,"timestamp":"2025-05-30T06:02:13.158Z","url":"/api/profile/update-avatar","userId":"7547d9e0-d453-4b26-81e8-358a227a9c01"}
{"level":"info","message":"User avatar updated","timestamp":"2025-05-30T06:02:33.765Z","userId":"7547d9e0-d453-4b26-81e8-358a227a9c01"}
{"followerId":"7547d9e0-d453-4b26-81e8-358a227a9c01","followingId":"18bfd247-e228-4900-97c6-49d869bb52e6","level":"warn","message":"User already following","timestamp":"2025-05-30T06:03:31.557Z"}
{"error":"You are already following this user","followerId":"7547d9e0-d453-4b26-81e8-358a227a9c01","followingId":"18bfd247-e228-4900-97c6-49d869bb52e6","level":"error","message":"Failed to follow user","timestamp":"2025-05-30T06:03:31.558Z"}
{"error":"You are already following this user","followerId":"7547d9e0-d453-4b26-81e8-358a227a9c01","followingId":"18bfd247-e228-4900-97c6-49d869bb52e6","level":"error","message":"Follow failed","timestamp":"2025-05-30T06:03:31.558Z"}
{"level":"error","message":"Request error You are already following this user","method":"POST","stack":"Error: You are already following this user\n    at followUser (file:///C:/Users/vraj/Desktop/Bacancy/Final%20Project/SocioFeed-Backend/src/services/profileService.js:125:27)\n    at async follow (file:///C:/Users/vraj/Desktop/Bacancy/Final%20Project/SocioFeed-Backend/src/controllers/profileController.js:77:20)","status":400,"timestamp":"2025-05-30T06:03:31.559Z","url":"/api/profile/follow/18bfd247-e228-4900-97c6-49d869bb52e6","userId":"7547d9e0-d453-4b26-81e8-358a227a9c01"}
{"followerId":"7547d9e0-d453-4b26-81e8-358a227a9c01","followingId":"18bfd247-e228-4900-97c6-49d869bb52e6","level":"info","message":"User unfollowed","timestamp":"2025-05-30T06:03:35.962Z"}
{"followerId":"7547d9e0-d453-4b26-81e8-358a227a9c01","followingId":"18bfd247-e228-4900-97c6-49d869bb52e6","level":"info","message":"User followed","timestamp":"2025-05-30T06:03:41.009Z"}
{"followerCount":1,"level":"info","limit":10,"message":"Fetched followers","page":1,"timestamp":"2025-05-30T06:04:07.612Z","username":"vraj"}
{"followingCount":0,"level":"info","limit":10,"message":"Fetched following","page":1,"timestamp":"2025-05-30T06:04:22.015Z","username":"vraj"}
{"level":"warn","message":"Profile not found","timestamp":"2025-05-30T06:05:27.128Z","username":"search"}
{"error":"Profile not found","level":"error","message":"Failed to fetch profile","timestamp":"2025-05-30T06:05:27.129Z","username":"search"}
{"error":"Profile not found","level":"error","message":"Get profile failed","timestamp":"2025-05-30T06:05:27.130Z","userId":"7547d9e0-d453-4b26-81e8-358a227a9c01","username":"search"}
{"level":"error","message":"Request error Profile not found","method":"GET","stack":"Error: Profile not found\n    at getProfileByUsername (file:///C:/Users/vraj/Desktop/Bacancy/Final%20Project/SocioFeed-Backend/src/services/profileService.js:36:27)\n    at async getProfile (file:///C:/Users/vraj/Desktop/Bacancy/Final%20Project/SocioFeed-Backend/src/controllers/profileController.js:18:21)","status":404,"timestamp":"2025-05-30T06:05:27.131Z","url":"/api/profile/search?query=21CS052","userId":"7547d9e0-d453-4b26-81e8-358a227a9c01"}
{"level":"warn","message":"Profile not found","timestamp":"2025-05-30T06:05:36.150Z","username":"search"}
{"error":"Profile not found","level":"error","message":"Failed to fetch profile","timestamp":"2025-05-30T06:05:36.151Z","username":"search"}
{"error":"Profile not found","level":"error","message":"Get profile failed","timestamp":"2025-05-30T06:05:36.151Z","userId":"7547d9e0-d453-4b26-81e8-358a227a9c01","username":"search"}
{"level":"error","message":"Request error Profile not found","method":"GET","stack":"Error: Profile not found\n    at getProfileByUsername (file:///C:/Users/vraj/Desktop/Bacancy/Final%20Project/SocioFeed-Backend/src/services/profileService.js:36:27)\n    at async getProfile (file:///C:/Users/vraj/Desktop/Bacancy/Final%20Project/SocioFeed-Backend/src/controllers/profileController.js:18:21)","status":404,"timestamp":"2025-05-30T06:05:36.152Z","url":"/api/profile/search?query=21","userId":"7547d9e0-d453-4b26-81e8-358a227a9c01"}
{"level":"info","message":"Server running on port 5000","timestamp":"2025-05-30T06:12:25.160Z"}
{"level":"info","message":"Connected to database successfully","timestamp":"2025-05-30T06:12:25.270Z"}
{"level":"info","message":"Server running on port 5000","timestamp":"2025-05-30T06:12:36.410Z"}
{"level":"info","message":"Connected to database successfully","timestamp":"2025-05-30T06:12:36.573Z"}
{"level":"info","message":"Server running on port 5000","timestamp":"2025-05-30T06:12:51.902Z"}
{"level":"info","message":"Connected to database successfully","timestamp":"2025-05-30T06:12:51.975Z"}
{"level":"info","message":"Server running on port 5000","timestamp":"2025-05-30T06:13:06.674Z"}
{"level":"info","message":"Connected to database successfully","timestamp":"2025-05-30T06:13:06.847Z"}
{"level":"info","message":"Server running on port 5000","timestamp":"2025-05-30T06:13:15.744Z"}
{"level":"info","message":"Connected to database successfully","timestamp":"2025-05-30T06:13:15.813Z"}
{"level":"info","limit":10,"message":"User search completed","page":1,"query":"21","resultCount":1,"timestamp":"2025-05-30T06:13:29.132Z"}
{"followerCount":1,"level":"info","limit":10,"message":"Fetched followers","page":1,"timestamp":"2025-05-30T06:13:44.409Z","username":"vraj"}
{"followingCount":0,"level":"info","limit":10,"message":"Fetched following","page":1,"timestamp":"2025-05-30T06:13:48.741Z","username":"vraj"}
{"level":"warn","message":"No token provided","timestamp":"2025-05-30T06:16:15.393Z","url":"/me"}
{"level":"warn","message":"No token provided","timestamp":"2025-05-30T06:16:15.524Z","url":"/me"}
{"level":"warn","message":"No token provided","timestamp":"2025-05-30T06:16:19.132Z","url":"/me"}
{"level":"warn","message":"No token provided","timestamp":"2025-05-30T06:16:19.302Z","url":"/me"}
{"level":"info","message":"Email sent","subject":"Activate Your SocioFeed Account","timestamp":"2025-05-30T06:16:45.248Z","to":"prajapativraj147@gmail.com","userId":"742933d1-52f1-445a-b70f-0095530faaa1"}
{"email":"prajapativraj147@gmail.com","level":"info","message":"User registered","timestamp":"2025-05-30T06:16:45.249Z","userId":"742933d1-52f1-445a-b70f-0095530faaa1"}
{"email":"prajapativraj147@gmail.com","level":"info","message":"User registration attempted","timestamp":"2025-05-30T06:16:45.250Z"}
{"level":"warn","message":"No token provided","timestamp":"2025-05-30T06:16:56.971Z","url":"/me"}
{"level":"warn","message":"No token provided","timestamp":"2025-05-30T06:16:56.979Z","url":"/me"}
{"level":"info","message":"Account activated","timestamp":"2025-05-30T06:16:57.134Z","userId":"742933d1-52f1-445a-b70f-0095530faaa1"}
{"level":"info","message":"Account activation attempted","timestamp":"2025-05-30T06:16:57.135Z","token":"8af989a2-d201-4f28-9683-78e5e3b82dac"}
{"level":"warn","message":"Invalid or expired activation token","timestamp":"2025-05-30T06:16:57.227Z","token":"8af989a2-d201-4f28-9683-78e5e3b82dac"}
{"error":"Invalid or expired token","level":"error","message":"Activation failed","timestamp":"2025-05-30T06:16:57.228Z"}
{"level":"error","message":"Request error Invalid or expired token","method":"POST","stack":"Error: Invalid or expired token\n    at activateAccount (file:///C:/Users/vraj/Desktop/Bacancy/Final%20Project/SocioFeed-Backend/src/services/authService.js:121:25)\n    at async activate (file:///C:/Users/vraj/Desktop/Bacancy/Final%20Project/SocioFeed-Backend/src/controllers/authController.js:65:20)","status":400,"timestamp":"2025-05-30T06:16:57.230Z","url":"/api/auth/activate/8af989a2-d201-4f28-9683-78e5e3b82dac","userId":"unauthenticated"}
{"level":"info","message":"Refresh token generated","timestamp":"2025-05-30T06:17:11.565Z","userId":"742933d1-52f1-445a-b70f-0095530faaa1"}
{"level":"info","message":"User logged in","timestamp":"2025-05-30T06:17:11.565Z","userId":"742933d1-52f1-445a-b70f-0095530faaa1"}
{"level":"info","message":"User logged in","timestamp":"2025-05-30T06:17:11.565Z","userId":"742933d1-52f1-445a-b70f-0095530faaa1"}
{"level":"info","message":"Refresh token generated","timestamp":"2025-05-30T06:17:39.724Z","userId":"742933d1-52f1-445a-b70f-0095530faaa1"}
{"level":"info","message":"User logged in","timestamp":"2025-05-30T06:17:39.724Z","userId":"742933d1-52f1-445a-b70f-0095530faaa1"}
{"level":"info","message":"User logged in","timestamp":"2025-05-30T06:17:39.724Z","userId":"742933d1-52f1-445a-b70f-0095530faaa1"}
{"level":"info","message":"User info updated","timestamp":"2025-05-30T06:18:07.965Z","userId":"742933d1-52f1-445a-b70f-0095530faaa1"}
{"followerId":"742933d1-52f1-445a-b70f-0095530faaa1","followingId":"47c6acc2-0db4-41eb-b7ca-8b07050f6839","level":"info","message":"User followed","timestamp":"2025-05-30T06:18:38.616Z"}
{"followerId":"742933d1-52f1-445a-b70f-0095530faaa1","followingId":"18bfd247-e228-4900-97c6-49d869bb52e6","level":"warn","message":"User not following","timestamp":"2025-05-30T06:18:51.946Z"}
{"error":"You are not following this user","followerId":"742933d1-52f1-445a-b70f-0095530faaa1","followingId":"18bfd247-e228-4900-97c6-49d869bb52e6","level":"error","message":"Failed to unfollow user","timestamp":"2025-05-30T06:18:51.947Z"}
{"error":"You are not following this user","followerId":"742933d1-52f1-445a-b70f-0095530faaa1","followingId":"18bfd247-e228-4900-97c6-49d869bb52e6","level":"error","message":"Unfollow failed","timestamp":"2025-05-30T06:18:51.948Z"}
{"level":"error","message":"Request error You are not following this user","method":"POST","stack":"Error: You are not following this user\n    at unfollowUser (file:///C:/Users/vraj/Desktop/Bacancy/Final%20Project/SocioFeed-Backend/src/services/profileService.js:166:27)\n    at async unfollow (file:///C:/Users/vraj/Desktop/Bacancy/Final%20Project/SocioFeed-Backend/src/controllers/profileController.js:91:20)","status":400,"timestamp":"2025-05-30T06:18:51.949Z","url":"/api/profile/unfollow/18bfd247-e228-4900-97c6-49d869bb52e6","userId":"742933d1-52f1-445a-b70f-0095530faaa1"}
{"level":"info","limit":10,"message":"User search completed","page":1,"query":"21","resultCount":1,"timestamp":"2025-05-30T06:18:59.422Z"}
{"level":"info","limit":10,"message":"User search completed","page":1,"query":"a","resultCount":1,"timestamp":"2025-05-30T06:19:03.323Z"}
{"level":"info","limit":10,"message":"User search completed","page":1,"query":"A","resultCount":1,"timestamp":"2025-05-30T06:19:09.723Z"}
{"level":"info","limit":10,"message":"User search completed","page":1,"query":"A","resultCount":1,"timestamp":"2025-05-30T06:19:11.937Z"}
{"level":"info","limit":10,"message":"User search completed","page":1,"query":"21","resultCount":1,"timestamp":"2025-05-30T06:19:26.559Z"}
{"level":"info","limit":10,"message":"User search completed","page":1,"query":"Adi","resultCount":0,"timestamp":"2025-05-30T06:19:32.010Z"}
{"level":"info","limit":10,"message":"User search completed","page":1,"query":"A","resultCount":1,"timestamp":"2025-05-30T06:19:45.350Z"}
{"level":"info","limit":10,"message":"User search completed","page":1,"query":"d","resultCount":1,"timestamp":"2025-05-30T06:19:51.824Z"}
{"followerCount":1,"level":"info","limit":10,"message":"Fetched followers","page":1,"timestamp":"2025-05-30T06:19:59.669Z","username":"vraj"}
{"followingCount":0,"level":"info","limit":10,"message":"Fetched following","page":1,"timestamp":"2025-05-30T06:20:04.157Z","username":"vraj"}
{"followerCount":1,"level":"info","limit":10,"message":"Fetched followers","page":1,"timestamp":"2025-05-30T06:20:50.276Z","username":"vraj"}
{"followingCount":0,"level":"info","limit":10,"message":"Fetched following","page":1,"timestamp":"2025-05-30T06:20:58.168Z","username":"vraj"}
{"level":"info","limit":10,"message":"User search completed","page":1,"query":"d","resultCount":1,"timestamp":"2025-05-30T06:21:08.144Z"}
{"level":"info","limit":10,"message":"User search completed","page":1,"query":"Aditya","resultCount":0,"timestamp":"2025-05-30T06:21:25.424Z"}
{"level":"info","message":"Server running on port 5000","timestamp":"2025-05-30T06:34:39.005Z"}
{"level":"info","message":"Connected to database successfully","timestamp":"2025-05-30T06:34:39.101Z"}
{"followers":[],"level":"debug","message":"Fetched followers data","timestamp":"2025-05-30T06:34:39.454Z","username":"vraj"}
{"following":[{"avatarUrl":null,"id":"47c6acc2-0db4-41eb-b7ca-8b07050f6839","username":"21CS052"}],"level":"debug","message":"Fetched following data","timestamp":"2025-05-30T06:34:43.416Z","username":"vraj"}
{"level":"info","message":"Server running on port 5000","timestamp":"2025-05-30T06:38:14.950Z"}
{"level":"info","message":"Connected to database successfully","timestamp":"2025-05-30T06:38:15.064Z"}
{"allUsers":[{"bio":null,"id":"47c6acc2-0db4-41eb-b7ca-8b07050f6839","username":"21CS052"},{"bio":"Updated bio for Vraj! yeah","id":"742933d1-52f1-445a-b70f-0095530faaa1","username":"vraj"}],"level":"debug","message":"All active users for search","query":"Aditya","timestamp":"2025-05-30T06:38:34.219Z"}
{"level":"info","limit":10,"message":"User search completed","page":1,"query":"Aditya","resultCount":0,"results":[],"timestamp":"2025-05-30T06:38:34.240Z"}
{"allUsers":[{"bio":null,"id":"47c6acc2-0db4-41eb-b7ca-8b07050f6839","username":"21CS052"},{"bio":"Updated bio for Vraj! yeah","id":"742933d1-52f1-445a-b70f-0095530faaa1","username":"vraj"}],"level":"debug","message":"All active users for search","query":"Aditya","timestamp":"2025-05-30T06:38:38.768Z"}
{"level":"info","limit":10,"message":"User search completed","page":1,"query":"Aditya","resultCount":0,"results":[],"timestamp":"2025-05-30T06:38:38.774Z"}
{"allUsers":[{"bio":null,"id":"47c6acc2-0db4-41eb-b7ca-8b07050f6839","username":"21CS052"},{"bio":"Updated bio for Vraj! yeah","id":"742933d1-52f1-445a-b70f-0095530faaa1","username":"vraj"}],"level":"debug","message":"All active users for search","query":"21","timestamp":"2025-05-30T06:39:04.401Z"}
{"level":"info","limit":10,"message":"User search completed","page":1,"query":"21","resultCount":1,"results":[{"avatarUrl":null,"following":[{"followerId":"742933d1-52f1-445a-b70f-0095530faaa1"}],"id":"47c6acc2-0db4-41eb-b7ca-8b07050f6839","isFollowing":true,"username":"21CS052"}],"timestamp":"2025-05-30T06:39:04.414Z"}
{"allUsers":[{"bio":null,"id":"47c6acc2-0db4-41eb-b7ca-8b07050f6839","username":"21CS052"},{"bio":"Updated bio for Vraj! yeah","id":"742933d1-52f1-445a-b70f-0095530faaa1","username":"vraj"}],"level":"debug","message":"All active users for search","query":"v","timestamp":"2025-05-30T06:39:10.416Z"}
{"level":"info","limit":10,"message":"User search completed","page":1,"query":"v","resultCount":1,"results":[{"avatarUrl":null,"following":[],"id":"742933d1-52f1-445a-b70f-0095530faaa1","isFollowing":false,"username":"vraj"}],"timestamp":"2025-05-30T06:39:10.423Z"}
{"allUsers":[{"bio":null,"id":"47c6acc2-0db4-41eb-b7ca-8b07050f6839","username":"21CS052"},{"bio":"Updated bio for Vraj! yeah","id":"742933d1-52f1-445a-b70f-0095530faaa1","username":"vraj"}],"level":"debug","message":"All active users for search","query":"A","timestamp":"2025-05-30T06:39:14.737Z"}
{"level":"info","limit":10,"message":"User search completed","page":1,"query":"A","resultCount":1,"results":[{"avatarUrl":null,"following":[],"id":"742933d1-52f1-445a-b70f-0095530faaa1","isFollowing":false,"username":"vraj"}],"timestamp":"2025-05-30T06:39:14.743Z"}
{"level":"info","message":"Server running on port 5000","timestamp":"2025-05-30T06:41:39.302Z"}
{"level":"info","message":"Connected to database successfully","timestamp":"2025-05-30T06:41:39.588Z"}
{"allUsers":[{"bio":null,"id":"47c6acc2-0db4-41eb-b7ca-8b07050f6839","isActive":true,"username":"21CS052"},{"bio":"Updated bio for Vraj! yeah","id":"742933d1-52f1-445a-b70f-0095530faaa1","isActive":true,"username":"vraj"}],"level":"debug","message":"All active users for search","query":"A","timestamp":"2025-05-30T06:41:46.793Z"}
{"level":"info","limit":10,"message":"User search completed","page":1,"query":"A","resultCount":1,"results":[{"avatarUrl":null,"following":[],"id":"742933d1-52f1-445a-b70f-0095530faaa1","isFollowing":false,"username":"vraj"}],"timestamp":"2025-05-30T06:41:46.828Z"}
{"allUsers":[{"bio":null,"id":"47c6acc2-0db4-41eb-b7ca-8b07050f6839","isActive":true,"username":"21CS052"},{"bio":"Updated bio for Vraj! yeah","id":"742933d1-52f1-445a-b70f-0095530faaa1","isActive":true,"username":"vraj"}],"level":"debug","message":"All active users for search","query":"a","timestamp":"2025-05-30T06:44:30.765Z"}
{"level":"info","limit":10,"message":"User search completed","page":1,"query":"a","resultCount":1,"results":[{"avatarUrl":null,"following":[],"id":"742933d1-52f1-445a-b70f-0095530faaa1","isFollowing":false,"username":"vraj"}],"timestamp":"2025-05-30T06:44:30.827Z"}
{"level":"info","message":"Server running on port 5000","timestamp":"2025-05-30T07:18:05.601Z"}
{"level":"info","message":"Connected to database successfully","timestamp":"2025-05-30T07:18:05.929Z"}
{"level":"info","message":"Server running on port 5000","timestamp":"2025-05-30T07:18:17.981Z"}
{"level":"info","message":"Connected to database successfully","timestamp":"2025-05-30T07:18:18.049Z"}
{"level":"info","message":"Server running on port 5000","timestamp":"2025-05-30T07:18:32.203Z"}
{"level":"info","message":"Connected to database successfully","timestamp":"2025-05-30T07:18:32.290Z"}
{"level":"info","message":"Server running on port 5000","timestamp":"2025-05-30T07:18:48.998Z"}
{"level":"info","message":"Connected to database successfully","timestamp":"2025-05-30T07:18:49.174Z"}
